TN:
SF:src\config\plugins\envs.plugin.ts
FNF:0
FNH:0
DA:1,1
DA:2,1
DA:3,1
DA:4,1
DA:5,1
DA:6,1
DA:7,1
DA:8,1
DA:9,1
DA:10,1
DA:11,1
DA:12,1
DA:13,1
DA:14,1
DA:15,1
DA:16,1
LF:16
LH:16
BRF:0
BRH:0
end_of_record
TN:
SF:src\data\mongo\index.ts
FNF:0
FNH:0
DA:1,1
DA:2,1
DA:3,1
DA:4,1
LF:4
LH:4
BRF:0
BRH:0
end_of_record
TN:
SF:src\domain\entities\log.entity.ts
FN:20,LogEntity
FN:28,Object.<anonymous>.LogEntity.fromJson
FN:43,Object.<anonymous>.LogEntity.fromObject
FNF:3
FNH:3
FNDA:143,LogEntity
FNDA:6,Object.<anonymous>.LogEntity.fromJson
FNDA:121,Object.<anonymous>.LogEntity.fromObject
DA:1,8
DA:2,8
DA:3,8
DA:4,8
DA:5,8
DA:6,1
DA:7,1
DA:8,1
DA:9,1
DA:10,1
DA:11,1
DA:12,1
DA:13,1
DA:14,1
DA:15,1
DA:16,1
DA:17,1
DA:18,1
DA:19,1
DA:20,1
DA:21,143
DA:22,143
DA:23,143
DA:24,143
DA:25,143
DA:26,143
DA:27,1
DA:28,1
DA:29,6
DA:30,6
DA:31,6
DA:32,6
DA:33,6
DA:34,6
DA:35,6
DA:36,6
DA:37,6
DA:38,6
DA:39,6
DA:40,6
DA:41,6
DA:42,1
DA:43,1
DA:44,121
DA:45,121
DA:46,0
DA:47,0
DA:48,121
DA:49,121
DA:50,121
DA:51,121
DA:52,121
DA:53,121
DA:54,121
DA:55,121
DA:56,1
LF:56
LH:54
BRDA:1,0,0,8
BRDA:20,1,0,143
BRDA:28,2,0,6
BRDA:43,3,0,121
BRDA:45,4,0,0
BRF:5
BRH:4
end_of_record
TN:
SF:src\domain\use-cases\check-service-multiple.ts
FN:13,CheckServiceMultiple
FN:19,callLogs
FN:25,execute
FNF:3
FNH:3
FNDA:1,CheckServiceMultiple
FNDA:2,callLogs
FNDA:2,execute
DA:1,1
DA:2,1
DA:3,1
DA:4,1
DA:5,1
DA:6,1
DA:7,1
DA:8,1
DA:9,1
DA:10,1
DA:11,1
DA:12,1
DA:13,1
DA:14,1
DA:15,1
DA:16,1
DA:17,1
DA:18,1
DA:19,1
DA:20,2
DA:21,6
DA:22,2
DA:23,2
DA:24,1
DA:25,1
DA:26,2
DA:27,2
DA:28,2
DA:29,2
DA:30,2
DA:31,2
DA:32,1
DA:33,2
DA:34,0
DA:35,0
DA:36,1
DA:37,1
DA:38,2
DA:39,2
DA:40,2
DA:41,1
DA:42,1
DA:43,1
DA:44,1
DA:45,2
DA:46,2
DA:47,2
DA:48,2
DA:49,1
LF:49
LH:47
BRDA:13,0,0,1
BRDA:19,1,0,2
BRDA:20,2,0,6
BRDA:20,3,0,6
BRDA:25,4,0,2
BRDA:32,5,0,1
BRDA:33,6,0,0
BRDA:36,7,0,1
BRDA:40,8,0,1
BRF:9
BRH:8
end_of_record
TN:
SF:src\domain\use-cases\check-service.ts
FN:13,CheckService
FN:19,execute
FNF:2
FNH:2
FNDA:1,CheckService
FNDA:2,execute
DA:1,1
DA:2,1
DA:3,1
DA:4,1
DA:5,1
DA:6,1
DA:7,1
DA:8,1
DA:9,1
DA:10,1
DA:11,1
DA:12,1
DA:13,1
DA:14,1
DA:15,1
DA:16,1
DA:17,1
DA:18,1
DA:19,1
DA:20,2
DA:21,2
DA:22,2
DA:23,2
DA:24,2
DA:25,2
DA:26,1
DA:27,2
DA:28,0
DA:29,0
DA:30,1
DA:31,1
DA:32,2
DA:33,2
DA:34,2
DA:35,1
DA:36,1
DA:37,1
DA:38,1
DA:39,2
DA:40,2
DA:41,2
DA:42,2
DA:43,1
LF:43
LH:41
BRDA:13,0,0,1
BRDA:19,1,0,2
BRDA:26,2,0,1
BRDA:27,3,0,0
BRDA:30,4,0,1
BRDA:34,5,0,1
BRF:6
BRH:5
end_of_record
TN:
SF:src\domain\use-cases\email\send-email-logs.ts
FN:11,SendEmailLogs
FN:15,execute
FNF:2
FNH:2
FNDA:1,SendEmailLogs
FNDA:2,execute
DA:1,1
DA:2,1
DA:3,1
DA:4,1
DA:5,1
DA:6,1
DA:7,1
DA:8,1
DA:9,1
DA:10,1
DA:11,1
DA:12,1
DA:13,1
DA:14,1
DA:15,1
DA:16,2
DA:17,2
DA:18,2
DA:19,2
DA:20,1
DA:21,1
DA:22,1
DA:23,1
DA:24,1
DA:25,1
DA:26,1
DA:27,1
DA:28,1
DA:29,1
DA:30,1
DA:31,1
DA:32,1
DA:33,1
DA:34,1
DA:35,1
DA:36,1
DA:37,1
DA:38,1
DA:39,1
DA:40,2
DA:41,1
LF:41
LH:41
BRDA:11,0,0,1
BRDA:15,1,0,2
BRDA:19,2,0,1
BRF:3
BRH:3
end_of_record
TN:
SF:src\infrastructure\dataSources\file-system.dataSource.ts
FN:12,FileSystemDataSource
FN:16,FileSystemDataSource.createLogsFiLe
FN:49,FileSystemDataSource.getLogFromFile
FN:32,saveLog
FN:56,getLogs
FNF:5
FNH:5
FNDA:5,FileSystemDataSource
FNDA:11,FileSystemDataSource.createLogsFiLe
FNDA:3,FileSystemDataSource.getLogFromFile
FNDA:6,saveLog
FNDA:3,getLogs
DA:1,1
DA:2,1
DA:3,1
DA:4,1
DA:5,1
DA:6,1
DA:7,1
DA:8,1
DA:9,1
DA:10,1
DA:11,1
DA:12,1
DA:13,5
DA:14,5
DA:15,1
DA:16,1
DA:17,11
DA:18,5
DA:19,5
DA:20,11
DA:21,11
DA:22,11
DA:23,11
DA:24,11
DA:25,33
DA:26,15
DA:27,11
DA:28,11
DA:29,11
DA:30,11
DA:31,1
DA:32,1
DA:33,6
DA:34,6
DA:35,6
DA:36,6
DA:37,6
DA:38,6
DA:39,6
DA:40,4
DA:41,6
DA:42,2
DA:43,2
DA:44,2
DA:45,2
DA:46,4
DA:47,4
DA:48,1
DA:49,1
DA:50,3
DA:51,3
DA:52,3
DA:53,3
DA:54,1
DA:55,1
DA:56,1
DA:57,3
DA:58,3
DA:59,3
DA:60,1
DA:61,3
DA:62,1
DA:63,3
DA:64,1
DA:65,3
DA:66,0
DA:67,3
DA:68,3
DA:69,1
DA:70,1
LF:70
LH:69
BRDA:12,0,0,5
BRDA:16,1,0,11
BRDA:17,2,0,5
BRDA:24,3,0,33
BRDA:25,4,0,18
BRDA:26,5,0,15
BRDA:49,6,0,3
BRDA:51,7,0,0
BRDA:52,8,0,8
BRDA:32,9,0,6
BRDA:39,10,0,2
BRDA:40,11,0,4
BRDA:41,12,0,2
BRDA:46,13,0,4
BRDA:56,14,0,3
BRDA:59,15,0,1
BRDA:61,16,0,1
BRDA:63,17,0,1
BRDA:65,18,0,0
BRF:19
BRH:17
end_of_record
TN:
SF:src\infrastructure\dataSources\mongo-.dataSource.ts
FN:8,getLogs
FN:15,saveLog
FNF:2
FNH:2
FNDA:1,getLogs
FNDA:2,saveLog
DA:1,1
DA:2,1
DA:3,1
DA:4,1
DA:5,1
DA:6,1
DA:7,1
DA:8,1
DA:9,1
DA:10,1
DA:11,1
DA:12,1
DA:13,1
DA:14,1
DA:15,1
DA:16,2
DA:17,2
DA:18,2
DA:19,1
LF:19
LH:19
BRDA:8,0,0,1
BRDA:12,1,0,1
BRDA:15,2,0,2
BRF:3
BRH:3
end_of_record
TN:
SF:src\infrastructure\dataSources\postgres-log-dataSource.ts
FN:13,saveLog
FN:23,getLogs
FNF:2
FNH:2
FNDA:1,saveLog
FNDA:1,getLogs
DA:1,1
DA:2,1
DA:3,1
DA:4,1
DA:5,1
DA:6,1
DA:7,1
DA:8,1
DA:9,1
DA:10,1
DA:11,1
DA:12,1
DA:13,1
DA:14,1
DA:15,1
DA:16,1
DA:17,1
DA:18,1
DA:19,1
DA:20,1
DA:21,1
DA:22,1
DA:23,1
DA:24,1
DA:25,1
DA:26,1
DA:27,1
DA:28,1
DA:29,1
DA:30,1
DA:31,1
DA:32,1
DA:33,1
DA:34,1
LF:34
LH:34
BRDA:13,0,0,1
BRDA:23,1,0,1
BRF:2
BRH:2
end_of_record
TN:
SF:src\infrastructure\repositories\log.repository.impl.ts
FN:7,LogRepositoryImpl
FN:9,saveLog
FN:12,getLogs
FNF:3
FNH:3
FNDA:1,LogRepositoryImpl
FNDA:1,saveLog
FNDA:1,getLogs
DA:1,1
DA:2,1
DA:3,1
DA:4,1
DA:5,1
DA:6,1
DA:7,1
DA:8,1
DA:9,1
DA:10,1
DA:11,1
DA:12,1
DA:13,1
DA:14,1
DA:15,1
DA:16,1
LF:16
LH:16
BRDA:7,0,0,1
BRDA:9,1,0,1
BRDA:12,2,0,1
BRF:3
BRH:3
end_of_record
TN:
SF:src\presentation\cron\cron-service.ts
FN:7,createJob
FNF:1
FNH:1
FNDA:1,createJob
DA:1,1
DA:2,1
DA:3,1
DA:4,1
DA:5,1
DA:6,1
DA:7,1
DA:8,1
DA:9,1
DA:10,1
DA:11,1
DA:12,1
DA:13,1
LF:13
LH:13
BRDA:7,0,0,1
BRF:1
BRH:1
end_of_record
TN:
SF:src\presentation\email\email-service.ts
FN:19,EmailService
FN:30,sendEmail
FN:46,sendEmailWithFileSystemLogs
FNF:3
FNH:3
FNDA:1,EmailService
FNDA:2,sendEmail
FNDA:1,sendEmailWithFileSystemLogs
DA:1,1
DA:2,1
DA:3,1
DA:4,1
DA:5,1
DA:6,1
DA:7,1
DA:8,1
DA:9,1
DA:10,1
DA:11,1
DA:12,1
DA:13,1
DA:14,1
DA:15,1
DA:16,1
DA:17,1
DA:18,1
DA:19,1
DA:20,1
DA:21,1
DA:22,1
DA:23,1
DA:24,1
DA:25,1
DA:26,1
DA:27,1
DA:28,1
DA:29,1
DA:30,1
DA:31,2
DA:32,2
DA:33,2
DA:34,2
DA:35,2
DA:36,2
DA:37,2
DA:38,2
DA:39,2
DA:40,2
DA:41,2
DA:42,0
DA:43,0
DA:44,2
DA:45,1
DA:46,1
DA:47,1
DA:48,1
DA:49,1
DA:50,1
DA:51,1
DA:52,1
DA:53,1
DA:54,1
DA:55,1
DA:56,1
DA:57,1
DA:58,1
DA:59,1
DA:60,1
DA:61,1
DA:62,1
DA:63,1
DA:64,1
DA:65,1
DA:66,1
DA:67,1
LF:67
LH:65
BRDA:19,0,0,1
BRDA:30,1,0,2
BRDA:41,2,0,0
BRDA:46,3,0,1
BRF:4
BRH:3
end_of_record
